c:\development\projects\opengldemo\bin\intermediates\x64\debug\vc142.pdb
c:\development\projects\opengldemo\bin\intermediates\x64\debug\vc142.idb
c:\development\projects\opengldemo\bin\intermediates\x64\debug\program.obj
c:\development\projects\opengldemo\bin\intermediates\x64\debug\main.obj
c:\development\projects\opengldemo\bin\intermediates\x64\debug\shader.obj
c:\development\projects\opengldemo\bin\intermediates\x64\debug\renderer.obj
c:\development\projects\opengldemo\bin\x64\debug\opengldemo.pdb
c:\development\projects\opengldemo\bin\intermediates\x64\debug\opengldemo.tlog\cl.command.1.tlog
c:\development\projects\opengldemo\bin\intermediates\x64\debug\opengldemo.tlog\cl.read.1.tlog
c:\development\projects\opengldemo\bin\intermediates\x64\debug\opengldemo.tlog\cl.write.1.tlog
c:\development\projects\opengldemo\bin\intermediates\x64\debug\opengldemo.tlog\link-cvtres.read.1.tlog
c:\development\projects\opengldemo\bin\intermediates\x64\debug\opengldemo.tlog\link-cvtres.write.1.tlog
c:\development\projects\opengldemo\bin\intermediates\x64\debug\opengldemo.tlog\link-rc.read.1.tlog
c:\development\projects\opengldemo\bin\intermediates\x64\debug\opengldemo.tlog\link-rc.write.1.tlog
c:\development\projects\opengldemo\bin\intermediates\x64\debug\opengldemo.tlog\link.5940-cvtres.read.1.tlog
c:\development\projects\opengldemo\bin\intermediates\x64\debug\opengldemo.tlog\link.5940-cvtres.write.1.tlog
c:\development\projects\opengldemo\bin\intermediates\x64\debug\opengldemo.tlog\link.5940-rc.read.1.tlog
c:\development\projects\opengldemo\bin\intermediates\x64\debug\opengldemo.tlog\link.5940-rc.write.1.tlog
c:\development\projects\opengldemo\bin\intermediates\x64\debug\opengldemo.tlog\link.5940.read.1.tlog
c:\development\projects\opengldemo\bin\intermediates\x64\debug\opengldemo.tlog\link.5940.write.1.tlog
c:\development\projects\opengldemo\bin\intermediates\x64\debug\opengldemo.tlog\link.command.1.tlog
c:\development\projects\opengldemo\bin\intermediates\x64\debug\opengldemo.tlog\link.read.1.tlog
c:\development\projects\opengldemo\bin\intermediates\x64\debug\opengldemo.tlog\link.write.1.tlog
